<?xml version="1.0" encoding="UTF-8"?>
<testsuite xmlns:xsi="http://www.w3.org/2001/XMLSchema-instance" xsi:noNamespaceSchemaLocation="https://maven.apache.org/surefire/maven-surefire-plugin/xsd/surefire-test-report.xsd" name="com.library.producer.integration.LibraryControllerIntegrationTest" time="17.291" tests="2" errors="0" skipped="0" failures="0">
  <properties>
[...]
</properties>
  <testcase name="postLibraryEventTest" classname="com.library.producer.integration.LibraryControllerIntegrationTest" time="1.911"/>
  <testcase name="putLibraryEventTest" classname="com.library.producer.integration.LibraryControllerIntegrationTest" time="0.572"/>
</testsuite>